<?xml version="1.0" encoding="UTF-8"?>
<!-- Generated by org.testng.reporters.JUnitXMLReporter -->
<testsuite ignored="0" hostname="DESKTOP-AKJMV5S" failures="0" tests="2" name="UI Tests" time="8.427" errors="0" timestamp="2026-06-09T23:56:18 IST">
  <testcase classname="com.enterprise.automation.ui.tests.LoginTest" name="shouldShowErrorForInvalidCredentials" time="1.527"/>
  <testcase classname="com.enterprise.automation.ui.tests.SauceDemoCheckoutTest" name="shouldCheckoutProductsBelowConfiguredPrice" time="4.059"/>
</testsuite> <!-- UI Tests -->
