<?xml version="1.0" encoding="UTF-8"?>
<testng-results ignored="0" total="2" passed="2" failed="0" skipped="0">
  <reporter-output>
  </reporter-output>
  <suite started-at="2026-06-09T23:56:09 IST" name="Enterprise UI Suite" finished-at="2026-06-09T23:56:18 IST" duration-ms="8427">
    <groups>
      <group name="ui">
        <method signature="LoginTest.shouldShowErrorForInvalidCredentials()[pri:0, instance:com.enterprise.automation.ui.tests.LoginTest@1ecfcbc9]" name="shouldShowErrorForInvalidCredentials" class="com.enterprise.automation.ui.tests.LoginTest"/>
        <method signature="SauceDemoCheckoutTest.shouldCheckoutProductsBelowConfiguredPrice()[pri:0, instance:com.enterprise.automation.ui.tests.SauceDemoCheckoutTest@51ec2df1]" name="shouldCheckoutProductsBelowConfiguredPrice" class="com.enterprise.automation.ui.tests.SauceDemoCheckoutTest"/>
      </group> <!-- ui -->
      <group name="regression">
        <method signature="SauceDemoCheckoutTest.shouldCheckoutProductsBelowConfiguredPrice()[pri:0, instance:com.enterprise.automation.ui.tests.SauceDemoCheckoutTest@51ec2df1]" name="shouldCheckoutProductsBelowConfiguredPrice" class="com.enterprise.automation.ui.tests.SauceDemoCheckoutTest"/>
      </group> <!-- regression -->
      <group name="smoke">
        <method signature="LoginTest.shouldShowErrorForInvalidCredentials()[pri:0, instance:com.enterprise.automation.ui.tests.LoginTest@1ecfcbc9]" name="shouldShowErrorForInvalidCredentials" class="com.enterprise.automation.ui.tests.LoginTest"/>
      </group> <!-- smoke -->
    </groups>
    <test started-at="2026-06-09T23:56:09 IST" name="UI Tests" finished-at="2026-06-09T23:56:18 IST" duration-ms="8427">
      <class name="com.enterprise.automation.ui.tests.SauceDemoCheckoutTest">
        <test-method is-config="true" signature="setUpBrowser()[pri:0, instance:com.enterprise.automation.ui.tests.SauceDemoCheckoutTest@51ec2df1]" started-at="2026-06-09T23:56:09 IST" name="setUpBrowser" finished-at="2026-06-09T23:56:13 IST" duration-ms="3318" status="PASS">
          <reporter-output>
          </reporter-output>
        </test-method> <!-- setUpBrowser -->
        <test-method signature="shouldCheckoutProductsBelowConfiguredPrice()[pri:0, instance:com.enterprise.automation.ui.tests.SauceDemoCheckoutTest@51ec2df1]" started-at="2026-06-09T23:56:13 IST" name="shouldCheckoutProductsBelowConfiguredPrice" finished-at="2026-06-09T23:56:17 IST" duration-ms="4059" status="PASS">
          <reporter-output>
          </reporter-output>
        </test-method> <!-- shouldCheckoutProductsBelowConfiguredPrice -->
        <test-method is-config="true" signature="tearDownBrowser()[pri:0, instance:com.enterprise.automation.ui.tests.SauceDemoCheckoutTest@51ec2df1]" started-at="2026-06-09T23:56:17 IST" name="tearDownBrowser" finished-at="2026-06-09T23:56:18 IST" duration-ms="270" status="PASS">
          <reporter-output>
          </reporter-output>
        </test-method> <!-- tearDownBrowser -->
      </class> <!-- com.enterprise.automation.ui.tests.SauceDemoCheckoutTest -->
      <class name="com.enterprise.automation.ui.tests.LoginTest">
        <test-method is-config="true" signature="setUpBrowser()[pri:0, instance:com.enterprise.automation.ui.tests.LoginTest@1ecfcbc9]" started-at="2026-06-09T23:56:09 IST" name="setUpBrowser" finished-at="2026-06-09T23:56:13 IST" duration-ms="3317" status="PASS">
          <reporter-output>
          </reporter-output>
        </test-method> <!-- setUpBrowser -->
        <test-method signature="shouldShowErrorForInvalidCredentials()[pri:0, instance:com.enterprise.automation.ui.tests.LoginTest@1ecfcbc9]" started-at="2026-06-09T23:56:13 IST" name="shouldShowErrorForInvalidCredentials" finished-at="2026-06-09T23:56:15 IST" duration-ms="1527" status="PASS">
          <reporter-output>
          </reporter-output>
        </test-method> <!-- shouldShowErrorForInvalidCredentials -->
        <test-method is-config="true" signature="tearDownBrowser()[pri:0, instance:com.enterprise.automation.ui.tests.LoginTest@1ecfcbc9]" started-at="2026-06-09T23:56:15 IST" name="tearDownBrowser" finished-at="2026-06-09T23:56:15 IST" duration-ms="367" status="PASS">
          <reporter-output>
          </reporter-output>
        </test-method> <!-- tearDownBrowser -->
      </class> <!-- com.enterprise.automation.ui.tests.LoginTest -->
    </test> <!-- UI Tests -->
  </suite> <!-- Enterprise UI Suite -->
</testng-results>
