<?xml version="1.0" encoding="UTF-8"?>
<!-- Generated by org.testng.reporters.JUnitXMLReporter -->
<testsuite ignored="0" hostname="DESKTOP-AKJMV5S" failures="0" tests="2" name="UI Tests" time="6.162" errors="0" timestamp="2026-06-09T23:52:08 IST">
  <testcase classname="com.enterprise.automation.ui.tests.LoginTest" name="shouldShowErrorForInvalidCredentials" time="1.552"/>
  <testcase classname="com.enterprise.automation.ui.tests.SauceDemoCheckoutTest" name="shouldCheckoutProductsBelowConfiguredPrice" time="2.748"/>
</testsuite> <!-- UI Tests -->
