<?xml version="1.0" encoding="UTF-8"?>
<!-- Generated by org.testng.reporters.JUnitReportReporter -->
<testsuite hostname="DESKTOP-AKJMV5S" failures="0" tests="1" name="com.enterprise.automation.ui.tests.SauceDemoCheckoutTest" time="7.647" errors="0" timestamp="2026-06-09T23:56:18 IST" skipped="0">
  <testcase classname="com.enterprise.automation.ui.tests.SauceDemoCheckoutTest" name="shouldCheckoutProductsBelowConfiguredPrice" time="7.647"/>
</testsuite> <!-- com.enterprise.automation.ui.tests.SauceDemoCheckoutTest -->
